<?xml version="1.0" encoding="UTF-8"?>
<!-- Generated by org.testng.reporters.JUnitXMLReporter -->
<testsuite ignored="2" hostname="Salgar" failures="1" tests="4" name="Test_12" time="21.334" errors="0" timestamp="2025-06-01T12:07:10 IST">
  <testcase classname="test.Test4" name="testFor400068" time="4.933"/>
  <testcase classname="test.Test4" name="testFor400069" time="4.497"/>
  <testcase classname="test.Test4" name="testFor400070" time="4.575"/>
  <testcase classname="test.Test3" name="Test3" time="1.368">
    <failure type="java.lang.AssertionError" message="The title does not match expected [false] but found [true]">
      <![CDATA[java.lang.AssertionError: The title does not match expected [false] but found [true]
at test.Test3.Test3(Test3.java:35)
at java.base/java.util.ArrayList.forEach(ArrayList.java:1596)
... Removed 28 stack frames]]>
    </failure>
  </testcase> <!-- Test3 -->
  <testcase classname="base.Base" name="@BeforeTest setUp" time="0.0">
    <ignored/>
  </testcase> <!-- @BeforeTest setUp -->
  <testcase classname="base.Base" name="@AfterTest tearDown" time="0.0">
    <ignored/>
  </testcase> <!-- @AfterTest tearDown -->
</testsuite> <!-- Test_12 -->
