<?xml version="1.0" encoding="UTF-8"?>
<testsuite xmlns:xsi="http://www.w3.org/2001/XMLSchema-instance" xsi:noNamespaceSchemaLocation="https://maven.apache.org/surefire/maven-surefire-plugin/xsd/surefire-test-report.xsd" version="3.0.1" name="TestSuite" time="22.579" tests="4" errors="0" skipped="0" failures="1">
  <properties>
[...]
</properties>
  <testcase name="testFor400068" classname="test.Test4" time="8.789">
    <system-out><![CDATA[This is setup method
]]></system-out>
    <system-err><![CDATA[SLF4J: Failed to load class "org.slf4j.impl.StaticLoggerBinder".
SLF4J: Defaulting to no-operation (NOP) logger implementation
SLF4J: See http://www.slf4j.org/codes.html#StaticLoggerBinder for further details.
Jun 01, 2025 12:19:36 PM org.openqa.selenium.devtools.CdpVersionFinder findNearestMatch
WARNING: Unable to find CDP implementation matching 136
Jun 01, 2025 12:19:36 PM org.openqa.selenium.chromium.ChromiumDriver lambda$new$5
WARNING: Unable to find version of CDP to use for 136.0.7103.116. You may need to include a dependency on a specific version of the CDP using something similar to `org.seleniumhq.selenium:selenium-devtools-v86:4.27.0` where the version ("v86") matches the version of the chromium-based browser you're using and the version number of the artifact is the same as Selenium's.
Jun 01, 2025 12:19:39 PM base.TestListener onTestStart
INFO: ******------- Test has Started. --------******
Jun 01, 2025 12:19:45 PM pageObjects.HomePage enterPincode
INFO: ** ----- Clicked on location button
Jun 01, 2025 12:19:46 PM pageObjects.HomePage enterPincode
INFO: ** ----- Entered pincode
Jun 01, 2025 12:19:46 PM pageObjects.HomePage enterPincode
INFO: ** ----- Clicked on apply button
Jun 01, 2025 12:19:47 PM pageObjects.HomePage getPincode
INFO: ** ----- Returning the applied pincode
Jun 01, 2025 12:19:48 PM base.TestListener onTestSuccess
INFO: ******------- Test has Started. --------******
]]></system-err>
  </testcase>
  <testcase name="testFor400069" classname="test.Test4" time="2.828">
    <system-err><![CDATA[Jun 01, 2025 12:19:48 PM base.TestListener onTestStart
INFO: ******------- Test has Started. --------******
Jun 01, 2025 12:19:48 PM pageObjects.HomePage enterPincode
INFO: ** ----- Clicked on location button
Jun 01, 2025 12:19:49 PM pageObjects.HomePage enterPincode
INFO: ** ----- Entered pincode
Jun 01, 2025 12:19:49 PM pageObjects.HomePage enterPincode
INFO: ** ----- Clicked on apply button
Jun 01, 2025 12:19:50 PM pageObjects.HomePage getPincode
INFO: ** ----- Returning the applied pincode
Jun 01, 2025 12:19:51 PM base.TestListener onTestSuccess
INFO: ******------- Test has Started. --------******
]]></system-err>
  </testcase>
  <testcase name="testFor400070" classname="test.Test4" time="3.178">
    <system-err><![CDATA[Jun 01, 2025 12:19:51 PM base.TestListener onTestStart
INFO: ******------- Test has Started. --------******
Jun 01, 2025 12:19:51 PM pageObjects.HomePage enterPincode
INFO: ** ----- Clicked on location button
Jun 01, 2025 12:19:52 PM pageObjects.HomePage enterPincode
INFO: ** ----- Entered pincode
Jun 01, 2025 12:19:52 PM pageObjects.HomePage enterPincode
INFO: ** ----- Clicked on apply button
Jun 01, 2025 12:19:53 PM pageObjects.HomePage getPincode
INFO: ** ----- Returning the applied pincode
Jun 01, 2025 12:19:54 PM base.TestListener onTestSuccess
INFO: ******------- Test has Started. --------******
]]></system-err>
  </testcase>
  <testcase name="Test3" classname="test.Test3" time="0.939">
    <failure message="The title does not match expected [false] but found [true]" type="java.lang.AssertionError"><![CDATA[java.lang.AssertionError: The title does not match expected [false] but found [true]
	at org.testng.Assert.fail(Assert.java:110)
	at org.testng.Assert.failNotEquals(Assert.java:1413)
	at org.testng.Assert.assertFalse(Assert.java:78)
	at test.Test3.Test3(Test3.java:35)
	at java.base/jdk.internal.reflect.DirectMethodHandleAccessor.invoke(DirectMethodHandleAccessor.java:103)
	at java.base/java.lang.reflect.Method.invoke(Method.java:580)
	at org.testng.internal.invokers.MethodInvocationHelper.invokeMethod(MethodInvocationHelper.java:139)
	at org.testng.internal.invokers.TestInvoker.invokeMethod(TestInvoker.java:677)
	at org.testng.internal.invokers.TestInvoker.invokeTestMethod(TestInvoker.java:221)
	at org.testng.internal.invokers.MethodRunner.runInSequence(MethodRunner.java:50)
	at org.testng.internal.invokers.TestInvoker$MethodInvocationAgent.invoke(TestInvoker.java:969)
	at org.testng.internal.invokers.TestInvoker.invokeTestMethods(TestInvoker.java:194)
	at org.testng.internal.invokers.TestMethodWorker.invokeTestMethods(TestMethodWorker.java:148)
	at org.testng.internal.invokers.TestMethodWorker.run(TestMethodWorker.java:128)
	at java.base/java.util.ArrayList.forEach(ArrayList.java:1596)
	at org.testng.TestRunner.privateRun(TestRunner.java:829)
	at org.testng.TestRunner.run(TestRunner.java:602)
	at org.testng.SuiteRunner.runTest(SuiteRunner.java:437)
	at org.testng.SuiteRunner.runSequentially(SuiteRunner.java:431)
	at org.testng.SuiteRunner.privateRun(SuiteRunner.java:391)
	at org.testng.SuiteRunner.run(SuiteRunner.java:330)
	at org.testng.SuiteRunnerWorker.runSuite(SuiteRunnerWorker.java:52)
	at org.testng.SuiteRunnerWorker.run(SuiteRunnerWorker.java:95)
	at org.testng.TestNG.runSuitesSequentially(TestNG.java:1256)
	at org.testng.TestNG.runSuitesLocally(TestNG.java:1176)
	at org.testng.TestNG.runSuites(TestNG.java:1099)
	at org.testng.TestNG.run(TestNG.java:1067)
	at org.apache.maven.surefire.testng.TestNGExecutor.run(TestNGExecutor.java:308)
	at org.apache.maven.surefire.testng.TestNGXmlTestSuite.execute(TestNGXmlTestSuite.java:71)
	at org.apache.maven.surefire.testng.TestNGProvider.invoke(TestNGProvider.java:113)
	at org.apache.maven.surefire.booter.ForkedBooter.runSuitesInProcess(ForkedBooter.java:385)
	at org.apache.maven.surefire.booter.ForkedBooter.execute(ForkedBooter.java:162)
	at org.apache.maven.surefire.booter.ForkedBooter.run(ForkedBooter.java:507)
	at org.apache.maven.surefire.booter.ForkedBooter.main(ForkedBooter.java:495)
]]></failure>
    <system-err><![CDATA[Jun 01, 2025 12:19:54 PM base.TestListener onTestStart
INFO: ******------- Test has Started. --------******
Jun 01, 2025 12:19:55 PM pageObjects.HomePage navigateToCart
INFO: ** ----- Clicked on cart button
Jun 01, 2025 12:19:55 PM base.TestListener onTestFailure
INFO: ******------- Test has Started. --------******
]]></system-err>
  </testcase>
</testsuite>